[10/16/23 17:17:13] crowsnest: crowsnest - A webcam Service for multiple Cams and Stream Services.
[10/16/23 17:17:13] crowsnest: Version: v4.0.4-6-g767c53a
[10/16/23 17:17:13] crowsnest: Prepare Startup ...
[10/16/23 17:17:13] crowsnest: INFO: Host information:
[10/16/23 17:17:13] crowsnest: Host Info: Distribution: Debian GNU/Linux 11 (bullseye)
[10/16/23 17:17:13] crowsnest: Host Info: Kernel: Linux 5.15.126-legacy-sunxi64 aarch64
[10/16/23 17:17:13] crowsnest: Host Info: Available CPU Cores: 4
[10/16/23 17:17:13] crowsnest: Host Info: Available Memory: 2037224 kB
[10/16/23 17:17:13] crowsnest: Host Info: Diskspace (avail. / total): 2.5G / 15G
[10/16/23 17:17:13] crowsnest: INFO: Checking Dependencies
[10/16/23 17:17:14] crowsnest: Dependency: 'crudini' found in /usr/bin/crudini.
[10/16/23 17:17:14] crowsnest: Dependency: 'find' found in /usr/bin/find.
[10/16/23 17:17:14] crowsnest: Dependency: 'xargs' found in /usr/bin/xargs.
[10/16/23 17:17:14] crowsnest: Dependency: 'ustreamer' found in bin/ustreamer/ustreamer.
[10/16/23 17:17:14] crowsnest: Version Control: ustreamer is up to date. (v5.44)
[10/16/23 17:17:14] crowsnest: INFO: Print Configfile: '/home/quadra/printer_data/config/crowsnest.conf'
[10/16/23 17:17:14] crowsnest:		[crowsnest]
[10/16/23 17:17:14] crowsnest:		log_path: /home/quadra/printer_data/logs/crowsnest.log
[10/16/23 17:17:14] crowsnest:		log_level: verbose
[10/16/23 17:17:14] crowsnest:		delete_log: false
[10/16/23 17:17:14] crowsnest:		no_proxy: false
[10/16/23 17:17:14] crowsnest:		
[10/16/23 17:17:14] crowsnest:		[cam C90]
[10/16/23 17:17:14] crowsnest:		mode: ustreamer
[10/16/23 17:17:14] crowsnest:		
[10/16/23 17:17:14] crowsnest:		enable_rtsp: false
[10/16/23 17:17:14] crowsnest:		rtsp_port: 8554
[10/16/23 17:17:14] crowsnest:		port: 8080
[10/16/23 17:17:14] crowsnest:		device: usb-Sonix_Technology_Co.__Ltd._C90_Pro_Webcam_SN0001-video-index0  usb-Sonix_Technology_Co.__Ltd._C90_Pro_Webcam_SN0001-video-index1
[10/16/23 17:17:14] crowsnest:		resolution: 640x480
[10/16/23 17:17:14] crowsnest:		max_fps: 15
[10/16/23 17:17:14] crowsnest: INFO: Detect available Devices
[10/16/23 17:17:14] crowsnest: INFO: Found 1 total available Device(s)
[10/16/23 17:17:14] crowsnest: INFO: Found 1 available v4l2 (UVC) camera(s)
[10/16/23 17:17:14] crowsnest: /dev/v4l/by-id/usb-Sonix_Technology_Co.__Ltd._C90_Pro_Webcam_SN0001-video-index0 -> /dev/video1
[10/16/23 17:17:14] crowsnest: Supported Formats:
[10/16/23 17:17:14] crowsnest:		[0]: 'MJPG' (Motion-JPEG, compressed)
[10/16/23 17:17:14] crowsnest:		Size: Discrete 1920x1080
[10/16/23 17:17:14] crowsnest:		Interval: Discrete 0.033s (30.000 fps)
[10/16/23 17:17:14] crowsnest:		Interval: Discrete 0.040s (25.000 fps)
[10/16/23 17:17:14] crowsnest:		Interval: Discrete 0.050s (20.000 fps)
[10/16/23 17:17:14] crowsnest:		Interval: Discrete 0.067s (15.000 fps)
[10/16/23 17:17:14] crowsnest:		Interval: Discrete 0.100s (10.000 fps)
[10/16/23 17:17:14] crowsnest:		Interval: Discrete 0.200s (5.000 fps)
[10/16/23 17:17:14] crowsnest:		Size: Discrete 1280x720
[10/16/23 17:17:14] crowsnest:		Interval: Discrete 0.033s (30.000 fps)
[10/16/23 17:17:14] crowsnest:		Interval: Discrete 0.040s (25.000 fps)
[10/16/23 17:17:14] crowsnest:		Interval: Discrete 0.050s (20.000 fps)
[10/16/23 17:17:14] crowsnest:		Interval: Discrete 0.067s (15.000 fps)
[10/16/23 17:17:14] crowsnest:		Interval: Discrete 0.100s (10.000 fps)
[10/16/23 17:17:14] crowsnest:		Interval: Discrete 0.200s (5.000 fps)
[10/16/23 17:17:14] crowsnest:		Size: Discrete 640x480
[10/16/23 17:17:14] crowsnest:		Interval: Discrete 0.033s (30.000 fps)
[10/16/23 17:17:14] crowsnest:		Interval: Discrete 0.040s (25.000 fps)
[10/16/23 17:17:14] crowsnest:		Interval: Discrete 0.050s (20.000 fps)
[10/16/23 17:17:14] crowsnest:		Interval: Discrete 0.067s (15.000 fps)
[10/16/23 17:17:14] crowsnest:		Interval: Discrete 0.100s (10.000 fps)
[10/16/23 17:17:14] crowsnest:		Interval: Discrete 0.200s (5.000 fps)
[10/16/23 17:17:14] crowsnest:		[1]: 'YUYV' (YUYV 4:2:2)
[10/16/23 17:17:14] crowsnest:		Size: Discrete 1920x1080
[10/16/23 17:17:14] crowsnest:		Interval: Discrete 0.200s (5.000 fps)
[10/16/23 17:17:14] crowsnest:		Size: Discrete 1280x720
[10/16/23 17:17:14] crowsnest:		Interval: Discrete 0.100s (10.000 fps)
[10/16/23 17:17:14] crowsnest:		Interval: Discrete 0.200s (5.000 fps)
[10/16/23 17:17:14] crowsnest:		Size: Discrete 640x480
[10/16/23 17:17:14] crowsnest:		Interval: Discrete 0.033s (30.000 fps)
[10/16/23 17:17:14] crowsnest:		Interval: Discrete 0.040s (25.000 fps)
[10/16/23 17:17:14] crowsnest:		Interval: Discrete 0.050s (20.000 fps)
[10/16/23 17:17:14] crowsnest:		Interval: Discrete 0.067s (15.000 fps)
[10/16/23 17:17:14] crowsnest:		Interval: Discrete 0.100s (10.000 fps)
[10/16/23 17:17:14] crowsnest:		Interval: Discrete 0.200s (5.000 fps)
[10/16/23 17:17:15] crowsnest: Supported Controls:
[10/16/23 17:17:15] crowsnest:		
[10/16/23 17:17:15] crowsnest:		User Controls
[10/16/23 17:17:15] crowsnest:		
[10/16/23 17:17:15] crowsnest:		brightness 0x00980900 (int)    : min=-64 max=64 step=1 default=0 value=0
[10/16/23 17:17:15] crowsnest:		contrast 0x00980901 (int)    : min=0 max=64 step=1 default=32 value=32
[10/16/23 17:17:15] crowsnest:		saturation 0x00980902 (int)    : min=0 max=128 step=1 default=64 value=64
[10/16/23 17:17:15] crowsnest:		hue 0x00980903 (int)    : min=0 max=0 step=1 default=0 value=0
[10/16/23 17:17:15] crowsnest:		white_balance_automatic 0x0098090c (bool)   : default=1 value=1
[10/16/23 17:17:15] crowsnest:		gamma 0x00980910 (int)    : min=72 max=500 step=1 default=100 value=100
[10/16/23 17:17:15] crowsnest:		gain 0x00980913 (int)    : min=0 max=100 step=1 default=0 value=0
[10/16/23 17:17:15] crowsnest:		power_line_frequency 0x00980918 (menu)   : min=0 max=2 default=1 value=1
[10/16/23 17:17:15] crowsnest:		0: Disabled
[10/16/23 17:17:15] crowsnest:		1: 50 Hz
[10/16/23 17:17:15] crowsnest:		2: 60 Hz
[10/16/23 17:17:15] crowsnest:		hue_automatic 0x00980919 (bool)   : default=0 value=0
[10/16/23 17:17:15] crowsnest:		white_balance_temperature 0x0098091a (int)    : min=2800 max=6500 step=1 default=4600 value=4600 flags=inactive
[10/16/23 17:17:15] crowsnest:		sharpness 0x0098091b (int)    : min=0 max=6 step=1 default=4 value=4
[10/16/23 17:17:15] crowsnest:		backlight_compensation 0x0098091c (int)    : min=0 max=6 step=1 default=3 value=3
[10/16/23 17:17:15] crowsnest:		
[10/16/23 17:17:15] crowsnest:		Camera Controls
[10/16/23 17:17:15] crowsnest:		
[10/16/23 17:17:15] crowsnest:		auto_exposure 0x009a0901 (menu)   : min=0 max=3 default=3 value=3
[10/16/23 17:17:15] crowsnest:		1: Manual Mode
[10/16/23 17:17:15] crowsnest:		3: Aperture Priority Mode
[10/16/23 17:17:15] crowsnest:		exposure_time_absolute 0x009a0902 (int)    : min=1 max=5000 step=1 default=157 value=157 flags=inactive
[10/16/23 17:17:15] crowsnest:		exposure_dynamic_framerate 0x009a0903 (bool)   : default=0 value=1
[10/16/23 17:17:15] crowsnest:		focus_absolute 0x009a090a (int)    : min=1 max=1023 step=1 default=1 value=220 flags=inactive
[10/16/23 17:17:15] crowsnest:		focus_automatic_continuous 0x009a090c (bool)   : default=1 value=1
[10/16/23 17:17:15] crowsnest:		iris_absolute 0x009a0911 (int)    : min=0 max=0 step=0 default=0 value=0
[10/16/23 17:17:15] crowsnest: Try to start configured Cams / Services...
[10/16/23 17:17:21] crowsnest: INFO: Configuration of Section [cam C90] looks good. Continue ...
[10/16/23 17:17:22] crowsnest: V4L2 Control: No parameters set for [cam C90]. Skipped.
[10/16/23 17:35:20] crowsnest: Starting ustreamer with Device usb-Sonix_Technology_Co.__Ltd._C90_Pro_Webcam_SN0001-video-index0  usb-Sonix_Technology_Co.__Ltd._C90_Pro_Webcam_SN0001-video-index1 ...
[10/16/23 17:35:20] crowsnest:  ... Done!
[10/16/23 17:35:22] crowsnest: WATCHDOG: Lost Device: 'usb-Sonix_Technology_Co.__Ltd._C90_Pro_Webcam_SN0001-video-index0'
[10/16/23 17:41:24] crowsnest: WATCHDOG: Device '/dev/v4l/by-id/usb-Sonix_Technology_Co.__Ltd._C90_Pro_Webcam_SN0001-video-index0' returned.
[10/16/23 17:59:30] crowsnest: WATCHDOG: Lost Device: '/dev/v4l/by-id/usb-Sonix_Technology_Co.__Ltd._C90_Pro_Webcam_SN0001-video-index0'
[10/16/23 18:01:31] crowsnest: WATCHDOG: Device '/dev/v4l/by-id/usb-Sonix_Technology_Co.__Ltd._C90_Pro_Webcam_SN0001-video-index0' returned.
[10/16/23 20:26:34] crowsnest: Shutdown or Killed by User!
[10/16/23 20:26:34] crowsnest: Please come again :)
[10/16/23 20:26:34] crowsnest: Goodbye...
[10/16/23 20:26:49] crowsnest: crowsnest - A webcam Service for multiple Cams and Stream Services.
[10/16/23 20:26:50] crowsnest: Version: v4.0.4-6-g767c53a
[10/16/23 20:26:50] crowsnest: Prepare Startup ...
[10/16/23 20:26:50] crowsnest: INFO: Host information:
[10/16/23 20:26:50] crowsnest: Host Info: Distribution: Debian GNU/Linux 11 (bullseye)
[10/16/23 20:26:50] crowsnest: Host Info: Kernel: Linux 5.15.126-legacy-sunxi64 aarch64
[10/16/23 20:26:50] crowsnest: Host Info: Available CPU Cores: 4
[10/16/23 20:26:50] crowsnest: Host Info: Available Memory: 2037224 kB
[10/16/23 20:26:50] crowsnest: Host Info: Diskspace (avail. / total): 2.5G / 15G
[10/16/23 20:26:50] crowsnest: INFO: Checking Dependencies
[10/16/23 20:26:50] crowsnest: Dependency: 'crudini' found in /usr/bin/crudini.
[10/16/23 20:26:50] crowsnest: Dependency: 'find' found in /usr/bin/find.
[10/16/23 20:26:50] crowsnest: Dependency: 'xargs' found in /usr/bin/xargs.
[10/16/23 20:26:50] crowsnest: Dependency: 'ustreamer' found in bin/ustreamer/ustreamer.
[10/16/23 20:26:50] crowsnest: Version Control: ustreamer is up to date. (v5.44)
[10/16/23 20:26:50] crowsnest: INFO: Print Configfile: '/home/quadra/printer_data/config/crowsnest.conf'
[10/16/23 20:26:50] crowsnest:		[crowsnest]
[10/16/23 20:26:50] crowsnest:		log_path: /home/quadra/printer_data/logs/crowsnest.log
[10/16/23 20:26:50] crowsnest:		log_level: verbose
[10/16/23 20:26:50] crowsnest:		delete_log: false
[10/16/23 20:26:50] crowsnest:		no_proxy: false
[10/16/23 20:26:50] crowsnest:		
[10/16/23 20:26:50] crowsnest:		[cam 1]
[10/16/23 20:26:50] crowsnest:		mode: ustreamer
[10/16/23 20:26:50] crowsnest:		
[10/16/23 20:26:50] crowsnest:		enable_rtsp: false
[10/16/23 20:26:50] crowsnest:		rtsp_port: 8554
[10/16/23 20:26:50] crowsnest:		port: 8080
[10/16/23 20:26:50] crowsnest:		device: /dev/video0
[10/16/23 20:26:50] crowsnest:		resolution: 640x480
[10/16/23 20:26:50] crowsnest:		max_fps: 15
[10/16/23 20:26:50] crowsnest: INFO: Detect available Devices
[10/16/23 20:26:50] crowsnest: INFO: Found 1 total available Device(s)
[10/16/23 20:26:51] crowsnest: INFO: Found 1 available v4l2 (UVC) camera(s)
[10/16/23 20:26:51] crowsnest: /dev/v4l/by-id/usb-Sonix_Technology_Co.__Ltd._C90_Pro_Webcam_SN0001-video-index0 -> /dev/video1
[10/16/23 20:26:51] crowsnest: Supported Formats:
[10/16/23 20:26:51] crowsnest:		[0]: 'MJPG' (Motion-JPEG, compressed)
[10/16/23 20:26:51] crowsnest:		Size: Discrete 1920x1080
[10/16/23 20:26:51] crowsnest:		Interval: Discrete 0.033s (30.000 fps)
[10/16/23 20:26:51] crowsnest:		Interval: Discrete 0.040s (25.000 fps)
[10/16/23 20:26:51] crowsnest:		Interval: Discrete 0.050s (20.000 fps)
[10/16/23 20:26:51] crowsnest:		Interval: Discrete 0.067s (15.000 fps)
[10/16/23 20:26:51] crowsnest:		Interval: Discrete 0.100s (10.000 fps)
[10/16/23 20:26:51] crowsnest:		Interval: Discrete 0.200s (5.000 fps)
[10/16/23 20:26:51] crowsnest:		Size: Discrete 1280x720
[10/16/23 20:26:51] crowsnest:		Interval: Discrete 0.033s (30.000 fps)
[10/16/23 20:26:51] crowsnest:		Interval: Discrete 0.040s (25.000 fps)
[10/16/23 20:26:51] crowsnest:		Interval: Discrete 0.050s (20.000 fps)
[10/16/23 20:26:51] crowsnest:		Interval: Discrete 0.067s (15.000 fps)
[10/16/23 20:26:51] crowsnest:		Interval: Discrete 0.100s (10.000 fps)
[10/16/23 20:26:51] crowsnest:		Interval: Discrete 0.200s (5.000 fps)
[10/16/23 20:26:51] crowsnest:		Size: Discrete 640x480
[10/16/23 20:26:51] crowsnest:		Interval: Discrete 0.033s (30.000 fps)
[10/16/23 20:26:51] crowsnest:		Interval: Discrete 0.040s (25.000 fps)
[10/16/23 20:26:51] crowsnest:		Interval: Discrete 0.050s (20.000 fps)
[10/16/23 20:26:51] crowsnest:		Interval: Discrete 0.067s (15.000 fps)
[10/16/23 20:26:51] crowsnest:		Interval: Discrete 0.100s (10.000 fps)
[10/16/23 20:26:51] crowsnest:		Interval: Discrete 0.200s (5.000 fps)
[10/16/23 20:26:51] crowsnest:		[1]: 'YUYV' (YUYV 4:2:2)
[10/16/23 20:26:51] crowsnest:		Size: Discrete 1920x1080
[10/16/23 20:26:51] crowsnest:		Interval: Discrete 0.200s (5.000 fps)
[10/16/23 20:26:51] crowsnest:		Size: Discrete 1280x720
[10/16/23 20:26:51] crowsnest:		Interval: Discrete 0.100s (10.000 fps)
[10/16/23 20:26:51] crowsnest:		Interval: Discrete 0.200s (5.000 fps)
[10/16/23 20:26:51] crowsnest:		Size: Discrete 640x480
[10/16/23 20:26:51] crowsnest:		Interval: Discrete 0.033s (30.000 fps)
[10/16/23 20:26:51] crowsnest:		Interval: Discrete 0.040s (25.000 fps)
[10/16/23 20:26:51] crowsnest:		Interval: Discrete 0.050s (20.000 fps)
[10/16/23 20:26:51] crowsnest:		Interval: Discrete 0.067s (15.000 fps)
[10/16/23 20:26:51] crowsnest:		Interval: Discrete 0.100s (10.000 fps)
[10/16/23 20:26:51] crowsnest:		Interval: Discrete 0.200s (5.000 fps)
[10/16/23 20:26:51] crowsnest: Supported Controls:
[10/16/23 20:26:51] crowsnest:		
[10/16/23 20:26:51] crowsnest:		User Controls
[10/16/23 20:26:51] crowsnest:		
[10/16/23 20:26:51] crowsnest:		brightness 0x00980900 (int)    : min=-64 max=64 step=1 default=0 value=0
[10/16/23 20:26:51] crowsnest:		contrast 0x00980901 (int)    : min=0 max=64 step=1 default=32 value=32
[10/16/23 20:26:51] crowsnest:		saturation 0x00980902 (int)    : min=0 max=128 step=1 default=64 value=64
[10/16/23 20:26:51] crowsnest:		hue 0x00980903 (int)    : min=0 max=0 step=1 default=0 value=0
[10/16/23 20:26:51] crowsnest:		white_balance_automatic 0x0098090c (bool)   : default=1 value=1
[10/16/23 20:26:51] crowsnest:		gamma 0x00980910 (int)    : min=72 max=500 step=1 default=100 value=100
[10/16/23 20:26:51] crowsnest:		gain 0x00980913 (int)    : min=0 max=100 step=1 default=0 value=0
[10/16/23 20:26:51] crowsnest:		power_line_frequency 0x00980918 (menu)   : min=0 max=2 default=1 value=1
[10/16/23 20:26:51] crowsnest:		0: Disabled
[10/16/23 20:26:51] crowsnest:		1: 50 Hz
[10/16/23 20:26:51] crowsnest:		2: 60 Hz
[10/16/23 20:26:51] crowsnest:		hue_automatic 0x00980919 (bool)   : default=0 value=0
[10/16/23 20:26:51] crowsnest:		white_balance_temperature 0x0098091a (int)    : min=2800 max=6500 step=1 default=4600 value=4600 flags=inactive
[10/16/23 20:26:51] crowsnest:		sharpness 0x0098091b (int)    : min=0 max=6 step=1 default=4 value=4
[10/16/23 20:26:51] crowsnest:		backlight_compensation 0x0098091c (int)    : min=0 max=6 step=1 default=3 value=3
[10/16/23 20:26:51] crowsnest:		
[10/16/23 20:26:51] crowsnest:		Camera Controls
[10/16/23 20:26:51] crowsnest:		
[10/16/23 20:26:51] crowsnest:		auto_exposure 0x009a0901 (menu)   : min=0 max=3 default=3 value=3
[10/16/23 20:26:51] crowsnest:		1: Manual Mode
[10/16/23 20:26:51] crowsnest:		3: Aperture Priority Mode
[10/16/23 20:26:51] crowsnest:		exposure_time_absolute 0x009a0902 (int)    : min=1 max=5000 step=1 default=157 value=157 flags=inactive
[10/16/23 20:26:51] crowsnest:		exposure_dynamic_framerate 0x009a0903 (bool)   : default=0 value=1
[10/16/23 20:26:51] crowsnest:		focus_absolute 0x009a090a (int)    : min=1 max=1023 step=1 default=1 value=220 flags=inactive
[10/16/23 20:26:51] crowsnest:		focus_automatic_continuous 0x009a090c (bool)   : default=1 value=1
[10/16/23 20:26:51] crowsnest:		iris_absolute 0x009a0911 (int)    : min=0 max=0 step=0 default=0 value=0
[10/16/23 20:26:51] crowsnest: Try to start configured Cams / Services...
[10/16/23 20:26:57] crowsnest: INFO: Configuration of Section [cam 1] looks good. Continue ...
[10/16/23 20:26:59] crowsnest: V4L2 Control: No parameters set for [cam 1]. Skipped.
[10/16/23 20:27:23] crowsnest: Starting ustreamer with Device /dev/video0 ...
[10/16/23 20:27:23] crowsnest:  ... Done!
[10/16/23 21:01:36] crowsnest: WATCHDOG: Lost Device: '/dec/v4l/by-id/usb-Sonix_Technology_Co.__Ltd._C90_Pro_Webcam_SN0001-video-index1'
